


ARM Macro Assembler    Page 1 


    1 00000000                 AREA             ShiftAndAdd, CODE, READONLY
    2 00000000                 IMPORT           main
    3 00000000                 EXPORT           start
    4 00000000         
    5 00000000         start
    6 00000000 E3A00000        LDR              R0, =0      ; where result goes
                                                            
    7 00000004 E3E01008        LDR              R1, =-9     ; first number
    8 00000008 E3A0200A        LDR              R2, =10     ; second number
    9 0000000C E3A03000        LDR              R3, =0      ; count
   10 00000010 E3A04000        LDR              R4, =0      ; is the digit that
                                                             falls off a 1 or a
                                                             0
   11 00000014         
   12 00000014         
   13 00000014         while
   14 00000014 E3510000        CMP              R1, #0      ; if (first number 
                                                            == 0
   15 00000018 0A000009        BEQ              endwh       ;     end while loo
                                                            p
   16 0000001C E2014001        AND              R4, R1, #0x00000001 ; clears al
                                                            l digits except las
                                                            t one
   17 00000020 E1A010A1        MOV              R1, R1, LSR #1 ; shift first nu
                                                            mber to the right
   18 00000024 E3540000        CMP              R4, #0      ;        if (number
                                                             that fell off == 0
                                                            )
   19 00000028 0A000003        BEQ              notMultiplying ;    no need to 
                                                            add in more to resu
                                                            lt
   20 0000002C EAFFFFFF        B                multiply    ;            need t
                                                            o add in more to re
                                                            sult depending on v
                                                            alue of count
   21 00000030         
   22 00000030         multiply
   23 00000030 E0800312        ADD              R0, R0, R2, LSL R3 ; shift seco
                                                            nd number across by
                                                             count and add to r
                                                            esult
   24 00000034 E2833001        ADD              R3, R3, #1  ; count++
   25 00000038 EAFFFFF5        B                while
   26 0000003C         
   27 0000003C         notMultiplying
   28 0000003C E2833001        ADD              R3, R3, #1  ; count++
   29 00000040 EAFFFFF3        B                while
   30 00000044         
   31 00000044         endwh
   32 00000044         
   33 00000044         
   34 00000044         
   35 00000044         
   36 00000044         
   37 00000044 EAFFFFFE 
                       stop    B                stop
   38 00000048         
   39 00000048         
   40 00000048                 END



ARM Macro Assembler    Page 2 


Command Line: --debug --xref --diag_suppress=9931 --apcs=interwork --depend=.\s
hiftandadd.d -o.\shiftandadd.o -IC:\Keil_v5\ARM\RV31\INC -IC:\Keil_v5\ARM\CMSIS
\Include -IC:\Keil_v5\ARM\INC\Philips --predefine="__EVAL SETA 1" --predefine="
__MICROLIB SETA 1" --predefine="__UVISION_VERSION SETA 524" --predefine="NO_CLO
CK_SETUP SETA 1" --predefine="NO_EMC_SETUP SETA 1" --predefine="RAM_INTVEC SETA
 1" --predefine="RAM_MODE SETA 1" --predefine="REMAP SETA 1" --list=.\shiftanda
dd.lst ShiftAndAdd.s



ARM Macro Assembler    Page 1 Alphabetic symbol ordering
Relocatable symbols

ShiftAndAdd 00000000

Symbol: ShiftAndAdd
   Definitions
      At line 1 in file ShiftAndAdd.s
   Uses
      None
Comment: ShiftAndAdd unused
endwh 00000044

Symbol: endwh
   Definitions
      At line 31 in file ShiftAndAdd.s
   Uses
      At line 15 in file ShiftAndAdd.s
Comment: endwh used once
multiply 00000030

Symbol: multiply
   Definitions
      At line 22 in file ShiftAndAdd.s
   Uses
      At line 20 in file ShiftAndAdd.s
Comment: multiply used once
notMultiplying 0000003C

Symbol: notMultiplying
   Definitions
      At line 27 in file ShiftAndAdd.s
   Uses
      At line 19 in file ShiftAndAdd.s
Comment: notMultiplying used once
start 00000000

Symbol: start
   Definitions
      At line 5 in file ShiftAndAdd.s
   Uses
      At line 3 in file ShiftAndAdd.s
Comment: start used once
stop 00000044

Symbol: stop
   Definitions
      At line 37 in file ShiftAndAdd.s
   Uses
      At line 37 in file ShiftAndAdd.s
Comment: stop used once
while 00000014

Symbol: while
   Definitions
      At line 13 in file ShiftAndAdd.s
   Uses
      At line 25 in file ShiftAndAdd.s
      At line 29 in file ShiftAndAdd.s

7 symbols



ARM Macro Assembler    Page 1 Alphabetic symbol ordering
External symbols

main 00000000

Symbol: main
   Definitions
      At line 2 in file ShiftAndAdd.s
   Uses
      None
Comment: main unused
1 symbol
346 symbols in table
