


ARM Macro Assembler    Page 1 


    1 00000000                 AREA             GCD, CODE, READONLY
    2 00000000                 IMPORT           main
    3 00000000                 EXPORT           start
    4 00000000         
    5 00000000         start
    6 00000000 E3A02020        LDR              R2, =32     ; a
    7 00000004 E3A03018        LDR              R3, =24     ; b
    8 00000008         
    9 00000008         while
   10 00000008 E1520003        CMP              R2, R3      ; if (a != b)
   11 0000000C 0A000006        BEQ              endwh
   12 00000010         if
   13 00000010 E1520003        CMP              R2, R3      ; if (a >= b)
   14 00000014 9A000001        BLS              else
   15 00000018 E0422003        SUB              R2, R2, R3  ; a = a - b
   16 0000001C EA000001        B                endif
   17 00000020         
   18 00000020         else
   19 00000020 E0433002        SUB              R3, R3, R2  ; b = b - a 
   20 00000024 E1A00003        MOV              R0, R3      ; move result to r0
                                                            
   21 00000028         endif
   22 00000028 EAFFFFF6        B                while
   23 0000002C         endwh
   24 0000002C         
   25 0000002C         
   26 0000002C EAFFFFFE 
                       stop    B                stop
   27 00000030         
   28 00000030                 END
Command Line: --debug --xref --diag_suppress=9931 --apcs=interwork --depend=.\g
cd.d -o.\gcd.o -IC:\Keil_v5\ARM\RV31\INC -IC:\Keil_v5\ARM\CMSIS\Include -IC:\Ke
il_v5\ARM\INC\Philips --predefine="__EVAL SETA 1" --predefine="__MICROLIB SETA 
1" --predefine="__UVISION_VERSION SETA 524" --predefine="NO_CLOCK_SETUP SETA 1"
 --predefine="NO_EMC_SETUP SETA 1" --predefine="RAM_INTVEC SETA 1" --predefine=
"RAM_MODE SETA 1" --predefine="REMAP SETA 1" --list=.\gcd.lst GCD.s



ARM Macro Assembler    Page 1 Alphabetic symbol ordering
Relocatable symbols

GCD 00000000

Symbol: GCD
   Definitions
      At line 1 in file GCD.s
   Uses
      None
Comment: GCD unused
else 00000020

Symbol: else
   Definitions
      At line 18 in file GCD.s
   Uses
      At line 14 in file GCD.s
Comment: else used once
endif 00000028

Symbol: endif
   Definitions
      At line 21 in file GCD.s
   Uses
      At line 16 in file GCD.s
Comment: endif used once
endwh 0000002C

Symbol: endwh
   Definitions
      At line 23 in file GCD.s
   Uses
      At line 11 in file GCD.s
Comment: endwh used once
if 00000010

Symbol: if
   Definitions
      At line 12 in file GCD.s
   Uses
      None
Comment: if unused
start 00000000

Symbol: start
   Definitions
      At line 5 in file GCD.s
   Uses
      At line 3 in file GCD.s
Comment: start used once
stop 0000002C

Symbol: stop
   Definitions
      At line 26 in file GCD.s
   Uses
      At line 26 in file GCD.s
Comment: stop used once
while 00000008

Symbol: while



ARM Macro Assembler    Page 2 Alphabetic symbol ordering
Relocatable symbols

   Definitions
      At line 9 in file GCD.s
   Uses
      At line 22 in file GCD.s
Comment: while used once
8 symbols



ARM Macro Assembler    Page 1 Alphabetic symbol ordering
External symbols

main 00000000

Symbol: main
   Definitions
      At line 2 in file GCD.s
   Uses
      None
Comment: main unused
1 symbol
347 symbols in table
