


ARM Macro Assembler    Page 1 


    1 00000000                 AREA             Sets, CODE, READONLY
    2 00000000                 IMPORT           main
    3 00000000                 EXPORT           start
    4 00000000         
    5 00000000         start
    6 00000000 E59F0114        LDR              R0, =ASize  ; 
    7 00000004 E5900000        LDR              R0, [R0]    ; number of element
                                                            s in a
    8 00000008 E59F1110        LDR              R1, =AElems ; first element add
                                                            ress a
    9 0000000C E59F2110        LDR              R2, =BSize  ; number of element
                                                            s in b
   10 00000010 E5923000        LDR              R3, [R2]    ; temp b count
   11 00000014 E59F410C        LDR              R4, =BElems ; start address of 
                                                            b 
   12 00000018 E1A05004        MOV              R5, R4      ; temp address of b
                                                            
   13 0000001C E3A08000        LDR              R8, =0      ; c count
   14 00000020 E59F9104        LDR              R9, =CElems ; start address of 
                                                            c
   15 00000024         
   16 00000024 E3500000        CMP              R0, #0
   17 00000028 0A000038        BEQ              storeSize
   18 0000002C E3520000        CMP              R2, #0
   19 00000030 0A000036        BEQ              storeSize
   20 00000034         
   21 00000034         whA
   22 00000034 E5916000        LDR              R6, [R1]    ; takes element of 
                                                            a
   23 00000038 E3500000        CMP              R0, #0      ; are we at the end
                                                             of set a
   24 0000003C 0A000014        BEQ              bCheck      ;
   25 00000040         
   26 00000040         whA2
   27 00000040 E5957000        LDR              R7, [R5]    ; get element from 
                                                            b
   28 00000044 E1560007        CMP              R6, R7      ;  is a == b
   29 00000048 0A000004        BEQ              notUniqueA
   30 0000004C E3530000        CMP              R3, #0      ; have we reached t
                                                            he end of b
   31 00000050 0A000007        BEQ              uniqueA
   32 00000054 E2855004        ADD              R5, R5, #4  ; move b on to next
                                                             number
   33 00000058 E2433001        SUB              R3, R3, #1  ; b counter--
   34 0000005C EAFFFFF7        B                whA2
   35 00000060         
   36 00000060         notUniqueA
   37 00000060 E2811004        ADD              R1, R1, #4  ; move a on to next
                                                             number
   38 00000064 E2400001        SUB              R0, R0, #1  ; a counter--
   39 00000068 E5923000        LDR              R3, [R2]    ; reset b counter
   40 0000006C E1A05004        MOV              R5, R4      ; reset b address
   41 00000070 EAFFFFEF        B                whA
   42 00000074         
   43 00000074         uniqueA
   44 00000074 E2888001        ADD              R8, R8, #1  ; c counter++
   45 00000078 E5896000        STR              R6, [R9]    ; store element to 
                                                            memory
   46 0000007C E2899004        ADD              R9, R9, #4  ; move c on to next



ARM Macro Assembler    Page 2 


                                                             number slot
   47 00000080 E2811004        ADD              R1, R1, #4  ; move a on to next
                                                             number
   48 00000084 E2400001        SUB              R0, R0, #1  ; a counter--
   49 00000088 E5923000        LDR              R3, [R2]    ; reset b counter
   50 0000008C E1A05004        MOV              R5, R4      ; reset b address
   51 00000090 EAFFFFE7        B                whA
   52 00000094         
   53 00000094         bCheck
   54 00000094 E59F0088        LDR              R0, =BSize  ; 
   55 00000098 E5900000        LDR              R0, [R0]    ; number of element
                                                            s in b
   56 0000009C E59F1084        LDR              R1, =BElems ; first element add
                                                            ress a
   57 000000A0 E59F2074        LDR              R2, =ASize  ; number of element
                                                            s in a
   58 000000A4 E5923000        LDR              R3, [R2]    ; temp a count
   59 000000A8 E59F4070        LDR              R4, =AElems ; start address of 
                                                            a 
   60 000000AC E1A05004        MOV              R5, R4      ; temp address of a
                                                            
   61 000000B0         
   62 000000B0         whB
   63 000000B0 E5916000        LDR              R6, [R1]    ; takes element of 
                                                            b
   64 000000B4 E3500000        CMP              R0, #0      ; are we at the end
                                                             of set b
   65 000000B8 0A000014        BEQ              storeSize   ;
   66 000000BC         
   67 000000BC         whB2
   68 000000BC E5957000        LDR              R7, [R5]    ; get element from 
                                                            a
   69 000000C0 E1560007        CMP              R6, R7      ;  is a == b
   70 000000C4 0A000004        BEQ              notUniqueB
   71 000000C8 E3530000        CMP              R3, #0      ; have we reached t
                                                            he end of a
   72 000000CC 0A000007        BEQ              uniqueB
   73 000000D0 E2855004        ADD              R5, R5, #4  ; move a on to next
                                                             number
   74 000000D4 E2433001        SUB              R3, R3, #1  ; a counter--
   75 000000D8 EAFFFFF7        B                whB2
   76 000000DC         
   77 000000DC         notUniqueB
   78 000000DC E2811004        ADD              R1, R1, #4  ; move b on to next
                                                             number
   79 000000E0 E2400001        SUB              R0, R0, #1  ; b counter--
   80 000000E4 E5923000        LDR              R3, [R2]    ; reset a counter
   81 000000E8 E1A05004        MOV              R5, R4      ; reset a address
   82 000000EC EAFFFFEF        B                whB
   83 000000F0         
   84 000000F0         uniqueB
   85 000000F0 E2888001        ADD              R8, R8, #1  ; c counter++
   86 000000F4 E5896000        STR              R6, [R9]    ; store element to 
                                                            memory
   87 000000F8 E2899004        ADD              R9, R9, #4  ; move c on to next
                                                             number slot
   88 000000FC E2811004        ADD              R1, R1, #4  ; move b on to next
                                                             number
   89 00000100 E2400001        SUB              R0, R0, #1  ; b counter--



ARM Macro Assembler    Page 3 


   90 00000104 E5923000        LDR              R3, [R2]    ; reset a counter
   91 00000108 E1A05004        MOV              R5, R4      ; reset a address
   92 0000010C EAFFFFE7        B                whB
   93 00000110         
   94 00000110         
   95 00000110         storeSize
   96 00000110 E59F7018        LDR              R7, =CSize
   97 00000114 E5878000        STR              R8, [R7]    ; store size of c
   98 00000118         
   99 00000118         
  100 00000118         
  101 00000118         
  102 00000118 EAFFFFFE 
                       stop    B                stop
  103 0000011C         
  104 0000011C         
  105 0000011C 00000000 
              00000000 
              00000000 
              00000000 
              00000000 
              00000000 
              00000000 
              00000000 
              00000000 
              00000000         AREA             TestData, DATA, READWRITE
  106 00000000         
  107 00000000 00000006 
                       ASize   DCD              6           ; Number of element
                                                            s in A
  108 00000004 0000000D 
              00000009 
              00000001 
              00000014 
              00000005 
              00000008 AElems  DCD              13,9,1,20,5,8 ; Elements of A
  109 0000001C         
  110 0000001C 00000006 
                       BSize   DCD              6           ; Number of element
                                                            s in B
  111 00000020 0000000D 
              00000009 
              00000001 
              00000014 
              00000005 
              00000008 BElems  DCD              13,9,1,20,5,8 ; Elements of B
  112 00000038         
  113 00000038 00000000 
                       CSize   DCD              0           ; Number of element
                                                            s in C
  114 0000003C 00 00 00 
              00 00 00 
              00 00 00 
              00 00 00 
              00 00 00 
              00 00 00 
              00 00 00 
              00 00 00 
              00 00 00 



ARM Macro Assembler    Page 4 


              00 00 00 
              00 00 00 
              00 00 00 
              00 00 00 
              00 00 00 
              00 00 00 
              00 00 00 
              00 00 00 
              00 00 00 
              00 00    CElems  SPACE            56          ; Elements of C
  115 00000074         
  116 00000074                 END
Command Line: --debug --xref --diag_suppress=9931 --apcs=interwork --depend=.\s
ets.d -o.\sets.o -IC:\Keil_v5\ARM\RV31\INC -IC:\Keil_v5\ARM\CMSIS\Include -IC:\
Keil_v5\ARM\INC\Philips --predefine="__EVAL SETA 1" --predefine="__MICROLIB SET
A 1" --predefine="__UVISION_VERSION SETA 524" --predefine="NO_CLOCK_SETUP SETA 
1" --predefine="NO_EMC_SETUP SETA 1" --predefine="RAM_INTVEC SETA 1" --predefin
e="RAM_MODE SETA 1" --predefine="REMAP SETA 1" --list=.\sets.lst Sets.s



ARM Macro Assembler    Page 1 Alphabetic symbol ordering
Relocatable symbols

Sets 00000000

Symbol: Sets
   Definitions
      At line 1 in file Sets.s
   Uses
      None
Comment: Sets unused
bCheck 00000094

Symbol: bCheck
   Definitions
      At line 53 in file Sets.s
   Uses
      At line 24 in file Sets.s
Comment: bCheck used once
notUniqueA 00000060

Symbol: notUniqueA
   Definitions
      At line 36 in file Sets.s
   Uses
      At line 29 in file Sets.s
Comment: notUniqueA used once
notUniqueB 000000DC

Symbol: notUniqueB
   Definitions
      At line 77 in file Sets.s
   Uses
      At line 70 in file Sets.s
Comment: notUniqueB used once
start 00000000

Symbol: start
   Definitions
      At line 5 in file Sets.s
   Uses
      At line 3 in file Sets.s
Comment: start used once
stop 00000118

Symbol: stop
   Definitions
      At line 102 in file Sets.s
   Uses
      At line 102 in file Sets.s
Comment: stop used once
storeSize 00000110

Symbol: storeSize
   Definitions
      At line 95 in file Sets.s
   Uses
      At line 17 in file Sets.s
      At line 19 in file Sets.s
      At line 65 in file Sets.s

uniqueA 00000074



ARM Macro Assembler    Page 2 Alphabetic symbol ordering
Relocatable symbols


Symbol: uniqueA
   Definitions
      At line 43 in file Sets.s
   Uses
      At line 31 in file Sets.s
Comment: uniqueA used once
uniqueB 000000F0

Symbol: uniqueB
   Definitions
      At line 84 in file Sets.s
   Uses
      At line 72 in file Sets.s
Comment: uniqueB used once
whA 00000034

Symbol: whA
   Definitions
      At line 21 in file Sets.s
   Uses
      At line 41 in file Sets.s
      At line 51 in file Sets.s

whA2 00000040

Symbol: whA2
   Definitions
      At line 26 in file Sets.s
   Uses
      At line 34 in file Sets.s
Comment: whA2 used once
whB 000000B0

Symbol: whB
   Definitions
      At line 62 in file Sets.s
   Uses
      At line 82 in file Sets.s
      At line 92 in file Sets.s

whB2 000000BC

Symbol: whB2
   Definitions
      At line 67 in file Sets.s
   Uses
      At line 75 in file Sets.s
Comment: whB2 used once
13 symbols



ARM Macro Assembler    Page 1 Alphabetic symbol ordering
Relocatable symbols

AElems 00000004

Symbol: AElems
   Definitions
      At line 108 in file Sets.s
   Uses
      At line 8 in file Sets.s
      At line 59 in file Sets.s

ASize 00000000

Symbol: ASize
   Definitions
      At line 107 in file Sets.s
   Uses
      At line 6 in file Sets.s
      At line 57 in file Sets.s

BElems 00000020

Symbol: BElems
   Definitions
      At line 111 in file Sets.s
   Uses
      At line 11 in file Sets.s
      At line 56 in file Sets.s

BSize 0000001C

Symbol: BSize
   Definitions
      At line 110 in file Sets.s
   Uses
      At line 9 in file Sets.s
      At line 54 in file Sets.s

CElems 0000003C

Symbol: CElems
   Definitions
      At line 114 in file Sets.s
   Uses
      At line 14 in file Sets.s
Comment: CElems used once
CSize 00000038

Symbol: CSize
   Definitions
      At line 113 in file Sets.s
   Uses
      At line 96 in file Sets.s
Comment: CSize used once
TestData 00000000

Symbol: TestData
   Definitions
      At line 105 in file Sets.s
   Uses
      None



ARM Macro Assembler    Page 2 Alphabetic symbol ordering
Relocatable symbols

Comment: TestData unused
7 symbols



ARM Macro Assembler    Page 1 Alphabetic symbol ordering
External symbols

main 00000000

Symbol: main
   Definitions
      At line 2 in file Sets.s
   Uses
      None
Comment: main unused
1 symbol
361 symbols in table
