


ARM Macro Assembler    Page 1 


    1 00000000                 AREA             ArrayMove, CODE, READONLY
    2 00000000                 IMPORT           main
    3 00000000                 EXPORT           start
    4 00000000         
    5 00000000         start
    6 00000000 E59F004C        LDR              R0, =array
    7 00000004 E3A01009        LDR              R1, =N
    8 00000008 E3A02003        LDR              R2, =3      ; move from index 
    9 0000000C E3A03006        LDR              R3, =6      ; move to index
   10 00000010         
   11 00000010 E7904102        LDR              R4, [R0, R2, LSL #2] ;numberToM
                                                            ove = array[indexFr
                                                            om]
   12 00000014         if
   13 00000014 E1520003        CMP              R2, R3      ;if (indexFrom != i
                                                            ndexTo)
   14 00000018 0A00000C        BEQ              endall      ;{
   15 0000001C         if2                                  ; 
   16 0000001C E1520003        CMP              R2, R3      ; if( indexFrom > i
                                                            ndexTo)
   17 00000020 3A000001        BLO              if3         ; {
   18 00000024 E3E07000        LDR              R7, =-1     ;  directionToMove 
                                                            = -1
   19 00000028 EA000000        B                wh1         ; } 
   20 0000002C         if3                                  ; if (indexFrom < i
                                                            ndexTo){
   21 0000002C E3A07001        LDR              R7, =1      ;  directionToMove 
                                                            = 1}
   22 00000030         wh1
   23 00000030 E1520003        CMP              R2, R3      ; while (indexFrom 
                                                            != indexTo)
   24 00000034 0A000004        BEQ              endwh       ; {
   25 00000038 E0826007        ADD              R6, R2, R7  ; nextIndex = index
                                                            From + directionToM
                                                            ove
   26 0000003C E7905106        LDR              R5, [R0, R6, LSL #2] ; shifting
                                                            Number = array[next
                                                            Index]
   27 00000040 E7805102        STR              R5, [R0, R2, LSL #2] ; array[in
                                                            dexFrom] shiftingNu
                                                            mber
   28 00000044 E0822007        ADD              R2, R2, R7  ; indexFrom += dire
                                                            ctionToMove
   29 00000048 EAFFFFF8        B                wh1         ;}
   30 0000004C         endwh
   31 0000004C         
   32 0000004C E7804103        STR              R4, [R0, R3, LSL#2] ;array[inde
                                                            xTo] = numberToMove
                                                            
   33 00000050         ;
   34 00000050         endall                               ;}
   35 00000050         
   36 00000050 EAFFFFFE 
                       stop    B                stop
   37 00000054         
   38 00000054         
   39 00000054 00000000 
              00000000         AREA             TestArray, DATA, READWRITE
   40 00000000         



ARM Macro Assembler    Page 2 


   41 00000000 00000009 
                       N       equ              9
   42 00000000 00000007 
              00000002 
              00000005 
              00000009 
              00000001 
              00000003 
              00000002 
              00000003 
              00000004 array   DCD              7,2,5,9,1,3,2,3,4
   43 00000024         
   44 00000024                 END
Command Line: --debug --xref --diag_suppress=9931 --apcs=interwork --depend=.\a
rraymove.d -o.\arraymove.o -IC:\Keil_v5\ARM\RV31\INC -IC:\Keil_v5\ARM\CMSIS\Inc
lude -IC:\Keil_v5\ARM\INC\Philips --predefine="__EVAL SETA 1" --predefine="__MI
CROLIB SETA 1" --predefine="__UVISION_VERSION SETA 524" --predefine="NO_CLOCK_S
ETUP SETA 1" --predefine="NO_EMC_SETUP SETA 1" --predefine="RAM_INTVEC SETA 1" 
--predefine="RAM_MODE SETA 1" --predefine="REMAP SETA 1" --list=.\arraymove.lst
 ArrayMove.s



ARM Macro Assembler    Page 1 Alphabetic symbol ordering
Relocatable symbols

ArrayMove 00000000

Symbol: ArrayMove
   Definitions
      At line 1 in file ArrayMove.s
   Uses
      None
Comment: ArrayMove unused
endall 00000050

Symbol: endall
   Definitions
      At line 34 in file ArrayMove.s
   Uses
      At line 14 in file ArrayMove.s
Comment: endall used once
endwh 0000004C

Symbol: endwh
   Definitions
      At line 30 in file ArrayMove.s
   Uses
      At line 24 in file ArrayMove.s
Comment: endwh used once
if 00000014

Symbol: if
   Definitions
      At line 12 in file ArrayMove.s
   Uses
      None
Comment: if unused
if2 0000001C

Symbol: if2
   Definitions
      At line 15 in file ArrayMove.s
   Uses
      None
Comment: if2 unused
if3 0000002C

Symbol: if3
   Definitions
      At line 20 in file ArrayMove.s
   Uses
      At line 17 in file ArrayMove.s
Comment: if3 used once
start 00000000

Symbol: start
   Definitions
      At line 5 in file ArrayMove.s
   Uses
      At line 3 in file ArrayMove.s
Comment: start used once
stop 00000050

Symbol: stop



ARM Macro Assembler    Page 2 Alphabetic symbol ordering
Relocatable symbols

   Definitions
      At line 36 in file ArrayMove.s
   Uses
      At line 36 in file ArrayMove.s
Comment: stop used once
wh1 00000030

Symbol: wh1
   Definitions
      At line 22 in file ArrayMove.s
   Uses
      At line 19 in file ArrayMove.s
      At line 29 in file ArrayMove.s

9 symbols



ARM Macro Assembler    Page 1 Alphabetic symbol ordering
Relocatable symbols

TestArray 00000000

Symbol: TestArray
   Definitions
      At line 39 in file ArrayMove.s
   Uses
      None
Comment: TestArray unused
array 00000000

Symbol: array
   Definitions
      At line 42 in file ArrayMove.s
   Uses
      At line 6 in file ArrayMove.s
Comment: array used once
2 symbols



ARM Macro Assembler    Page 1 Alphabetic symbol ordering
Absolute symbols

N 00000009

Symbol: N
   Definitions
      At line 41 in file ArrayMove.s
   Uses
      At line 7 in file ArrayMove.s
Comment: N used once
1 symbol



ARM Macro Assembler    Page 1 Alphabetic symbol ordering
External symbols

main 00000000

Symbol: main
   Definitions
      At line 2 in file ArrayMove.s
   Uses
      None
Comment: main unused
1 symbol
353 symbols in table
