


ARM Macro Assembler    Page 1 


    1 00000000                 AREA             Countdown, CODE, READONLY
    2 00000000                 IMPORT           main
    3 00000000                 EXPORT           start
    4 00000000         
    5 00000000         start
    6 00000000 E59F1060        LDR              R1, =cdWord ; Load start addres
                                                            s of word
    7 00000004 E59F2060        LDR              R2, =cdLetters ; Load start add
                                                            ress of letters
    8 00000008 E3A0907B        LDR              R9, =0x7B   ; loads { as blanki
                                                            ng character
    9 0000000C         
   10 0000000C         wh1
   11 0000000C E5D13000        LDRB             R3, [R1]    ; loads in first ch
                                                            aracter of word
   12 00000010 E3530061        CMP              R3, #0x61   ; //
   13 00000014 BA00000D        BLT              endofword   ; //
   14 00000018 E353007A        CMP              R3, #0x7A   ; //
   15 0000001C CA00000B        BGT              endofword   ; checking if we've
                                                             gotten to the end 
                                                            of the word 
   16 00000020         
   17 00000020 E1A04002        MOV              R4, R2      ; temp start addres
                                                            s of letters
   18 00000024         
   19 00000024         wh2
   20 00000024 E5D45000        LDRB             R5, [R4]    ; //
   21 00000028 E3550061        CMP              R5, #0x61   ; //
   22 0000002C BA000005        BLT              endwh2      ; //
   23 00000030 E355007B        CMP              R5, #0x7B   ; //
   24 00000034 CA000003        BGT              endwh2      ; end if gotten to 
                                                            end of letters
   25 00000038 E1550003        CMP              R5, R3      ; if(letter of word
                                                             == letter in list)
                                                            
   26 0000003C 0A000005        BEQ              match       ;  go to match bloc
                                                            k of code
   27 00000040 E2844001        ADD              R4, R4, #1  ;  else
   28 00000044 EAFFFFF6        B                wh2         ; temp address++
   29 00000048         
   30 00000048         endwh2
   31 00000048 E3A00000        LDR              R0, =0      ; word cannot be fo
                                                            rmed
   32 0000004C EA000004        B                finished    ;
   33 00000050         
   34 00000050         endofword
   35 00000050 E3A00001        LDR              R0, =1      ; word can be forme
                                                            d
   36 00000054 EA000002        B                finished    ;
   37 00000058         
   38 00000058         match
   39 00000058 E5C49000        STRB             R9, [R4]    ; if(match == true)
                                                            
   40 0000005C E2811001        ADD              R1, R1, #1  ;  replace that num
                                                            ber with blanking c
                                                            haracter
   41 00000060 EAFFFFE9        B                wh1         ;
   42 00000064         
   43 00000064         finished



ARM Macro Assembler    Page 2 


   44 00000064         
   45 00000064         
   46 00000064 EAFFFFFE 
                       stop    B                stop
   47 00000068         
   48 00000068         
   49 00000068         
   50 00000068 00000000 
              00000000         AREA             TestData, DATA, READWRITE
   51 00000000         
   52 00000000         cdWord
   53 00000000 6C 6F 6E 
              67 65 72 
              74 68 61 
              6E 6C 69 
              73 74 00         DCB              "longerthanlist",0
   54 0000000F         
   55 0000000F         cdLetters
   56 0000000F 6C 6F 6E 
              67 65 72 
              74 68 61 
              00               DCB              "longertha",0
   57 00000019         
   58 00000019                 END
Command Line: --debug --xref --diag_suppress=9931 --apcs=interwork --depend=.\c
ountdown.d -o.\countdown.o -IC:\Keil_v5\ARM\RV31\INC -IC:\Keil_v5\ARM\CMSIS\Inc
lude -IC:\Keil_v5\ARM\INC\Philips --predefine="__EVAL SETA 1" --predefine="__MI
CROLIB SETA 1" --predefine="__UVISION_VERSION SETA 524" --predefine="NO_CLOCK_S
ETUP SETA 1" --predefine="NO_EMC_SETUP SETA 1" --predefine="RAM_INTVEC SETA 1" 
--predefine="RAM_MODE SETA 1" --predefine="REMAP SETA 1" --list=.\countdown.lst
 Countdown.s



ARM Macro Assembler    Page 1 Alphabetic symbol ordering
Relocatable symbols

Countdown 00000000

Symbol: Countdown
   Definitions
      At line 1 in file Countdown.s
   Uses
      None
Comment: Countdown unused
endofword 00000050

Symbol: endofword
   Definitions
      At line 34 in file Countdown.s
   Uses
      At line 13 in file Countdown.s
      At line 15 in file Countdown.s

endwh2 00000048

Symbol: endwh2
   Definitions
      At line 30 in file Countdown.s
   Uses
      At line 22 in file Countdown.s
      At line 24 in file Countdown.s

finished 00000064

Symbol: finished
   Definitions
      At line 43 in file Countdown.s
   Uses
      At line 32 in file Countdown.s
      At line 36 in file Countdown.s

match 00000058

Symbol: match
   Definitions
      At line 38 in file Countdown.s
   Uses
      At line 26 in file Countdown.s
Comment: match used once
start 00000000

Symbol: start
   Definitions
      At line 5 in file Countdown.s
   Uses
      At line 3 in file Countdown.s
Comment: start used once
stop 00000064

Symbol: stop
   Definitions
      At line 46 in file Countdown.s
   Uses
      At line 46 in file Countdown.s
Comment: stop used once



ARM Macro Assembler    Page 2 Alphabetic symbol ordering
Relocatable symbols

wh1 0000000C

Symbol: wh1
   Definitions
      At line 10 in file Countdown.s
   Uses
      At line 41 in file Countdown.s
Comment: wh1 used once
wh2 00000024

Symbol: wh2
   Definitions
      At line 19 in file Countdown.s
   Uses
      At line 28 in file Countdown.s
Comment: wh2 used once
9 symbols



ARM Macro Assembler    Page 1 Alphabetic symbol ordering
Relocatable symbols

TestData 00000000

Symbol: TestData
   Definitions
      At line 50 in file Countdown.s
   Uses
      None
Comment: TestData unused
cdLetters 0000000F

Symbol: cdLetters
   Definitions
      At line 55 in file Countdown.s
   Uses
      At line 7 in file Countdown.s
Comment: cdLetters used once
cdWord 00000000

Symbol: cdWord
   Definitions
      At line 52 in file Countdown.s
   Uses
      At line 6 in file Countdown.s
Comment: cdWord used once
3 symbols



ARM Macro Assembler    Page 1 Alphabetic symbol ordering
External symbols

main 00000000

Symbol: main
   Definitions
      At line 2 in file Countdown.s
   Uses
      None
Comment: main unused
1 symbol
353 symbols in table
