


ARM Macro Assembler    Page 1 


    1 00000000                 AREA             Flags2, CODE, READONLY
    2 00000000                 IMPORT           main
    3 00000000                 EXPORT           start
    4 00000000         
    5 00000000         start
    6 00000000         
    7 00000000 E3A00001        LDR              R0, =1      ;
    8 00000004 E3A01002        LDR              R1, =2      ;
    9 00000008 E0902001        ADDS             R2, R0, R1  ; N=0 Z=0 C=0 V=0
   10 0000000C         
   11 0000000C E3A00209        LDR              R0, =0x90000000 ;
   12 00000010 E3A01001        LDR              R1, =0x00000001 ;
   13 00000014 E0902001        ADDS             R2, R0, R1  ; N=1 Z=0 C=0 V=0
   14 00000018         
   15 00000018 E3A0020D        LDR              R0, =0xD0000000 ;
   16 0000001C E3A01205        LDR              R1, =0x50000000 ;
   17 00000020 E0902001        ADDS             R2, R0, R1  ; N=0 Z=0 C=1 V=0
   18 00000024         
   19 00000024 E3A0020E        LDR              R0, =0xE0000000 ;
   20 00000028 E3A0120D        LDR              R1, =0xD0000000 ;
   21 0000002C E0902001        ADDS             R2, R0, R1  ; N=1 Z=0 C=1 V=0
   22 00000030         
   23 00000030 E59F0038        LDR              R0, =0xBF2FDD1E ;
   24 00000034 E59F1038        LDR              R1, =0x40D022E2 ;
   25 00000038 E0902001        ADDS             R2, R0, R1  ; N=0 Z=1 C=1 V=0
   26 0000003C         
   27 0000003C E3A00000        LDR              R0, =0x00000000 ;
   28 00000040 E3A01000        LDR              R1, =0x00000000 ;
   29 00000044 E0902001        ADDS             R2, R0, R1  ; N=0 Z=1 C=0 V=0
   30 00000048         
   31 00000048 E3A00207        LDR              R0, =0x70000000 ;
   32 0000004C E3A01101        LDR              R1, =0x40000000 ;
   33 00000050 E0902001        ADDS             R2, R0, R1  ; N=1 Z=0 C=0 V=1
   34 00000054         
   35 00000054 E3A00102        LDR              R0, =0x80000000 ;
   36 00000058 E3A01103        LDR              R1, =0xC0000000 ;
   37 0000005C E0902001        ADDS             R2, R0, R1  ; N=1 Z=0 C=1 V=1
   38 00000060         
   39 00000060 E3A00102        LDR              R0, =0x80000000 ;
   40 00000064 E3A01102        LDR              R1, =0x80000000 ;
   41 00000068 E0902001        ADDS             R2, R0, R1  ; N=0 Z=1 C=1 V=1
   42 0000006C         
   43 0000006C         
   44 0000006C         
   45 0000006C EAFFFFFE 
                       stop    B                stop
   46 00000070         
   47 00000070                 END
              BF2FDD1E 
              40D022E2 
Command Line: --debug --xref --diag_suppress=9931 --apcs=interwork --depend=.\f
lags2.d -o.\flags2.o -IC:\Keil_v5\ARM\RV31\INC -IC:\Keil_v5\ARM\CMSIS\Include -
IC:\Keil_v5\ARM\INC\Philips --predefine="__EVAL SETA 1" --predefine="__MICROLIB
 SETA 1" --predefine="__UVISION_VERSION SETA 524" --predefine="NO_CLOCK_SETUP S
ETA 1" --predefine="NO_EMC_SETUP SETA 1" --predefine="RAM_INTVEC SETA 1" --pred
efine="RAM_MODE SETA 1" --predefine="REMAP SETA 1" --list=.\flags2.lst Flags2.s



ARM Macro Assembler    Page 1 Alphabetic symbol ordering
Relocatable symbols

Flags2 00000000

Symbol: Flags2
   Definitions
      At line 1 in file Flags2.s
   Uses
      None
Comment: Flags2 unused
start 00000000

Symbol: start
   Definitions
      At line 5 in file Flags2.s
   Uses
      At line 3 in file Flags2.s
Comment: start used once
stop 0000006C

Symbol: stop
   Definitions
      At line 45 in file Flags2.s
   Uses
      At line 45 in file Flags2.s
Comment: stop used once
3 symbols



ARM Macro Assembler    Page 1 Alphabetic symbol ordering
External symbols

main 00000000

Symbol: main
   Definitions
      At line 2 in file Flags2.s
   Uses
      None
Comment: main unused
1 symbol
344 symbols in table
