


ARM Macro Assembler    Page 1 


    1 00000000                 AREA             Lotto, CODE, READONLY
    2 00000000                 IMPORT           main
    3 00000000                 EXPORT           start
    4 00000000         
    5 00000000         start
    6 00000000 E59F10EC        LDR              R1, =TICKETS ; start address of
                                                             tickets
    7 00000004 E59F20EC        LDR              R2, =COUNT  ; address of number
                                                             of tickets
    8 00000008 E5922000        LDR              R2, [R2]    ; number of tickets
                                                            
    9 0000000C E59F30E8        LDR              R3, =DRAW   ; start address of 
                                                            draw numbers
   10 00000010 E1A04003        MOV              R4, R3      ; temp start addres
                                                            s of draw numbers 
   11 00000014 E3A07006        LDR              R7, =6      ; count of digits i
                                                            n draw numbers
   12 00000018 E3A08000        LDR              R8, =0      ; number of matches
                                                            
   13 0000001C E3A09006        LDR              R9, =6      ; count of digits i
                                                            n ticket being chec
                                                            ked
   14 00000020         
   15 00000020         wh1
   16 00000020 E3520000        CMP              R2, #0      ; check if we've ru
                                                            n out of tickets
   17 00000024 0A000031        BEQ              endwh1      ;
   18 00000028 E3590000        CMP              R9, #0      ; check have we got
                                                            ten to the end of t
                                                            he current ticket
   19 0000002C 0A000013        BEQ              endOfTicket ; else
   20 00000030 E5D15000        LDRB             R5, [R1]    ; load in digit to 
                                                            be checked
   21 00000034         
   22 00000034         wh2
   23 00000034 E3570000        CMP              R7, #0      ; check have we got
                                                            ten to end of draw
   24 00000038 0A00000B        BEQ              noMatch     ;
   25 0000003C E5D46000        LDRB             R6, [R4]    ;
   26 00000040 E1550006        CMP              R5, R6      ; does the number f
                                                            rom ticket match dr
                                                            aw
   27 00000044 0A000002        BEQ              match       ; else
   28 00000048 E2844001        ADD              R4, R4, #1  ; temp address++
   29 0000004C E2477001        SUB              R7, R7, #1  ; draw count--
   30 00000050 EAFFFFF7        B                wh2         ;
   31 00000054         
   32 00000054         match
   33 00000054 E2888001        ADD              R8, R8, #1  ; number of matches
                                                            ++
   34 00000058 E1A04003        MOV              R4, R3      ; reset temp addres
                                                            s
   35 0000005C E2811001        ADD              R1, R1, #1  ; ticket address++
   36 00000060 E2499001        SUB              R9, R9, #1  ; digits of ticket-
                                                            -
   37 00000064 E3A07006        LDR              R7, =6      ; reset draw count
   38 00000068 EAFFFFEC        B                wh1         ;
   39 0000006C         
   40 0000006C         noMatch



ARM Macro Assembler    Page 2 


   41 0000006C E1A04003        MOV              R4, R3      ; reset temp addres
                                                            s
   42 00000070 E2811001        ADD              R1, R1, #1  ; ticket address++
   43 00000074 E2499001        SUB              R9, R9, #1  ; digits of ticket-
                                                            -
   44 00000078 E3A07006        LDR              R7, =6      ; reset draw count
   45 0000007C EAFFFFE7        B                wh1         ;
   46 00000080         
   47 00000080         endOfTicket
   48 00000080 E3A09006        LDR              R9, =6      ; reset digits in t
                                                            icket
   49 00000084 E2422001        SUB              R2, R2, #1  ; ticket count--
   50 00000088 E3580004        CMP              R8, #4      ; checks if 4 match
                                                            es were made
   51 0000008C 0A000005        BEQ              match4      ;
   52 00000090 E3580005        CMP              R8, #5      ; checks if 5 match
                                                            es were made
   53 00000094 0A000009        BEQ              match5      ;
   54 00000098 E3580006        CMP              R8, #6      ; checks if 6 match
                                                            es were made
   55 0000009C 0A00000D        BEQ              match6      ;
   56 000000A0 E3A08000        LDR              R8, =0      ; else reset match 
                                                            counter
   57 000000A4 EAFFFFDD        B                wh1         ;
   58 000000A8         
   59 000000A8         match4
   60 000000A8 E59FA050        LDR              R10, =MATCH4 ; load match 4 add
                                                            ress
   61 000000AC E59AB000        LDR              R11, [R10]  ;
   62 000000B0 E28BB001        ADD              R11, R11, #1 ; add 1 to match 4
                                                            
   63 000000B4 E5CAB000        STRB             R11, [R10]  ; store result back
                                                             to main memory
   64 000000B8 E3A08000        LDR              R8, =0      ; reset match count
                                                            er
   65 000000BC EAFFFFD7        B                wh1         ;
   66 000000C0         
   67 000000C0         match5
   68 000000C0 E59FA03C        LDR              R10, =MATCH5 ; load match 5 add
                                                            ress
   69 000000C4 E59AB000        LDR              R11, [R10]  ; 
   70 000000C8 E28BB001        ADD              R11, R11, #1 ; add 1 to match 5
                                                            
   71 000000CC E5CAB000        STRB             R11, [R10]  ; store result back
                                                             to main memory
   72 000000D0 E3A08000        LDR              R8, =0      ; reset match count
                                                            er
   73 000000D4 EAFFFFD1        B                wh1         ;
   74 000000D8         
   75 000000D8         match6
   76 000000D8 E59FA028        LDR              R10, =MATCH6 ; load match 6 add
                                                            ress
   77 000000DC E59AB000        LDR              R11, [R10]  ; 
   78 000000E0 E28BB001        ADD              R11, R11, #1 ; add 1 to match 6
                                                            
   79 000000E4 E5CAB000        STRB             R11, [R10]  ; store result back
                                                             to main memory
   80 000000E8 E3A08000        LDR              R8, =0      ; reset match count
                                                            er



ARM Macro Assembler    Page 3 


   81 000000EC EAFFFFCB        B                wh1         ;
   82 000000F0         
   83 000000F0         endwh1
   84 000000F0         
   85 000000F0         
   86 000000F0         
   87 000000F0         
   88 000000F0         
   89 000000F0         
   90 000000F0         
   91 000000F0 EAFFFFFE 
                       stop    B                stop
   92 000000F4         
   93 000000F4         
   94 000000F4         
   95 000000F4 00000000 
              00000000 
              00000000 
              00000000 
              00000000 
              00000000         AREA             TestData, DATA, READWRITE
   96 00000000         
   97 00000000 00000003 
                       COUNT   DCD              3           ; Number of Tickets
                                                            
   98 00000004 0A 0B 0C 
              16 1A 1F TICKETS DCB              10, 11, 12, 22, 26, 31 
                                                            ; Tickets
   99 0000000A 0A 0B 0C 
              16 1B 20         DCB              10, 11, 12, 22, 27, 32
  100 00000010 0A 0B 0C 
              16 1A 1E         DCB              10, 11, 12, 22, 26, 30
  101 00000016         
  102 00000016 0A 0B 0C 
              16 1A 1E DRAW    DCB              10, 11, 12, 22, 26, 30 
                                                            ; Lottery Draw
  103 0000001C         
  104 0000001C 00000000 
                       MATCH4  DCD              0
  105 00000020 00000000 
                       MATCH5  DCD              0
  106 00000024 00000000 
                       MATCH6  DCD              0
  107 00000028         
  108 00000028                 END
Command Line: --debug --xref --diag_suppress=9931 --apcs=interwork --depend=.\l
otto.d -o.\lotto.o -IC:\Keil_v5\ARM\RV31\INC -IC:\Keil_v5\ARM\CMSIS\Include -IC
:\Keil_v5\ARM\INC\Philips --predefine="__EVAL SETA 1" --predefine="__MICROLIB S
ETA 1" --predefine="__UVISION_VERSION SETA 524" --predefine="NO_CLOCK_SETUP SET
A 1" --predefine="NO_EMC_SETUP SETA 1" --predefine="RAM_INTVEC SETA 1" --predef
ine="RAM_MODE SETA 1" --predefine="REMAP SETA 1" --list=.\lotto.lst Lotto.s



ARM Macro Assembler    Page 1 Alphabetic symbol ordering
Relocatable symbols

Lotto 00000000

Symbol: Lotto
   Definitions
      At line 1 in file Lotto.s
   Uses
      None
Comment: Lotto unused
endOfTicket 00000080

Symbol: endOfTicket
   Definitions
      At line 47 in file Lotto.s
   Uses
      At line 19 in file Lotto.s
Comment: endOfTicket used once
endwh1 000000F0

Symbol: endwh1
   Definitions
      At line 83 in file Lotto.s
   Uses
      At line 17 in file Lotto.s
Comment: endwh1 used once
match 00000054

Symbol: match
   Definitions
      At line 32 in file Lotto.s
   Uses
      At line 27 in file Lotto.s
Comment: match used once
match4 000000A8

Symbol: match4
   Definitions
      At line 59 in file Lotto.s
   Uses
      At line 51 in file Lotto.s
Comment: match4 used once
match5 000000C0

Symbol: match5
   Definitions
      At line 67 in file Lotto.s
   Uses
      At line 53 in file Lotto.s
Comment: match5 used once
match6 000000D8

Symbol: match6
   Definitions
      At line 75 in file Lotto.s
   Uses
      At line 55 in file Lotto.s
Comment: match6 used once
noMatch 0000006C

Symbol: noMatch



ARM Macro Assembler    Page 2 Alphabetic symbol ordering
Relocatable symbols

   Definitions
      At line 40 in file Lotto.s
   Uses
      At line 24 in file Lotto.s
Comment: noMatch used once
start 00000000

Symbol: start
   Definitions
      At line 5 in file Lotto.s
   Uses
      At line 3 in file Lotto.s
Comment: start used once
stop 000000F0

Symbol: stop
   Definitions
      At line 91 in file Lotto.s
   Uses
      At line 91 in file Lotto.s
Comment: stop used once
wh1 00000020

Symbol: wh1
   Definitions
      At line 15 in file Lotto.s
   Uses
      At line 38 in file Lotto.s
      At line 45 in file Lotto.s
      At line 57 in file Lotto.s
      At line 65 in file Lotto.s
      At line 73 in file Lotto.s
      At line 81 in file Lotto.s

wh2 00000034

Symbol: wh2
   Definitions
      At line 22 in file Lotto.s
   Uses
      At line 30 in file Lotto.s
Comment: wh2 used once
12 symbols



ARM Macro Assembler    Page 1 Alphabetic symbol ordering
Relocatable symbols

COUNT 00000000

Symbol: COUNT
   Definitions
      At line 97 in file Lotto.s
   Uses
      At line 7 in file Lotto.s
Comment: COUNT used once
DRAW 00000016

Symbol: DRAW
   Definitions
      At line 102 in file Lotto.s
   Uses
      At line 9 in file Lotto.s
Comment: DRAW used once
MATCH4 0000001C

Symbol: MATCH4
   Definitions
      At line 104 in file Lotto.s
   Uses
      At line 60 in file Lotto.s
Comment: MATCH4 used once
MATCH5 00000020

Symbol: MATCH5
   Definitions
      At line 105 in file Lotto.s
   Uses
      At line 68 in file Lotto.s
Comment: MATCH5 used once
MATCH6 00000024

Symbol: MATCH6
   Definitions
      At line 106 in file Lotto.s
   Uses
      At line 76 in file Lotto.s
Comment: MATCH6 used once
TICKETS 00000004

Symbol: TICKETS
   Definitions
      At line 98 in file Lotto.s
   Uses
      At line 6 in file Lotto.s
Comment: TICKETS used once
TestData 00000000

Symbol: TestData
   Definitions
      At line 95 in file Lotto.s
   Uses
      None
Comment: TestData unused
7 symbols



ARM Macro Assembler    Page 1 Alphabetic symbol ordering
External symbols

main 00000000

Symbol: main
   Definitions
      At line 2 in file Lotto.s
   Uses
      None
Comment: main unused
1 symbol
360 symbols in table
