


ARM Macro Assembler    Page 1 


    1 00000000                 AREA             Unique, CODE, READONLY
    2 00000000                 IMPORT           main
    3 00000000                 EXPORT           start
    4 00000000         
    5 00000000         start
    6 00000000         
    7 00000000 E59F1060        LDR              R1, =VALUES
    8 00000004 E59F2060        LDR              R2, =COUNT
    9 00000008 E5922000        LDR              R2, [R2]
   10 0000000C E2813004        ADD              R3, R1, #4  ; 2nd loop start ad
                                                            dress
   11 00000010 E2424001        SUB              R4, R2, #1  ; 2nd loop count
   12 00000014         
   13 00000014         while
   14 00000014 E5915000        LDR              R5, [R1]    ; get number to che
                                                            ck
   15 00000018 E3520000        CMP              R2, #0      ; while (count != 0
                                                            )
   16 0000001C 0A00000E        BEQ              endSequence ; {
   17 00000020 E2811004        ADD              R1, R1, #4  ;  move onto next n
                                                            umber in sequence
   18 00000024 E2422001        SUB              R2, R2, #1  ;  count--
   19 00000028         ;  }
   20 00000028         numberCheck
   21 00000028 E5936000        LDR              R6, [R3]    ; get number to com
                                                            pare to 
   22 0000002C E1560005        CMP              R6, R5      ; while (number to 
                                                            check != next numbe
                                                            r && count != 0)
   23 00000030 0A000007        BEQ              thereIsADuplicateNumber ; {
   24 00000034 E3540000        CMP              R4, #0      ;  move onto next c
                                                            omparison number
   25 00000038 0A000002        BEQ              endNumberCheck ;  count2--
   26 0000003C E2833004        ADD              R3, R3, #4  ; }
   27 00000040 E2444001        SUB              R4, R4, #1  ;
   28 00000044 EAFFFFF7        B                numberCheck ;
   29 00000048         
   30 00000048         endNumberCheck
   31 00000048 E2813004        ADD              R3, R1, #4  ; reset noth count2
                                                             & address for next
                                                             number
   32 0000004C E2424001        SUB              R4, R2, #1  ;
   33 00000050 EAFFFFEF        B                while       ;
   34 00000054         
   35 00000054         thereIsADuplicateNumber
   36 00000054 E3A00000        LDR              R0, =0      ; if a number occur
                                                            s more than once 
   37 00000058 EA000001        B                endwh       ; put 0 in R0
   38 0000005C         
   39 0000005C         endSequence
   40 0000005C E3A00001        LDR              R0, =1      ; if all numbers ar
                                                            e unique
   41 00000060 EAFFFFFF        B                endwh       ; put 1 in R1
   42 00000064         
   43 00000064         endwh
   44 00000064         
   45 00000064 EAFFFFFE 
                       stop    B                stop
   46 00000068         



ARM Macro Assembler    Page 2 


   47 00000068         
   48 00000068 00000000 
              00000000         AREA             TestData, DATA, READWRITE
   49 00000000         
   50 00000000 0000000A 
                       COUNT   DCD              10
   51 00000004 00000001 
              00000005 
              00000007 
              00000003 
              0000000D 
              00000004 
              00000012 
              00000008 
              00000009 
              0000000C VALUES  DCD              1, 5, 7, 3, 13, 4, 18, 8, 9, 12
   52 0000002C         
   53 0000002C         
   54 0000002C                 END
Command Line: --debug --xref --diag_suppress=9931 --apcs=interwork --depend=.\u
nique.d -o.\unique.o -IC:\Keil_v5\ARM\RV31\INC -IC:\Keil_v5\ARM\CMSIS\Include -
IC:\Keil_v5\ARM\INC\Philips --predefine="__EVAL SETA 1" --predefine="__MICROLIB
 SETA 1" --predefine="__UVISION_VERSION SETA 524" --predefine="NO_CLOCK_SETUP S
ETA 1" --predefine="NO_EMC_SETUP SETA 1" --predefine="RAM_INTVEC SETA 1" --pred
efine="RAM_MODE SETA 1" --predefine="REMAP SETA 1" --list=.\unique.lst Unique.s



ARM Macro Assembler    Page 1 Alphabetic symbol ordering
Relocatable symbols

Unique 00000000

Symbol: Unique
   Definitions
      At line 1 in file Unique.s
   Uses
      None
Comment: Unique unused
endNumberCheck 00000048

Symbol: endNumberCheck
   Definitions
      At line 30 in file Unique.s
   Uses
      At line 25 in file Unique.s
Comment: endNumberCheck used once
endSequence 0000005C

Symbol: endSequence
   Definitions
      At line 39 in file Unique.s
   Uses
      At line 16 in file Unique.s
Comment: endSequence used once
endwh 00000064

Symbol: endwh
   Definitions
      At line 43 in file Unique.s
   Uses
      At line 37 in file Unique.s
      At line 41 in file Unique.s

numberCheck 00000028

Symbol: numberCheck
   Definitions
      At line 20 in file Unique.s
   Uses
      At line 28 in file Unique.s
Comment: numberCheck used once
start 00000000

Symbol: start
   Definitions
      At line 5 in file Unique.s
   Uses
      At line 3 in file Unique.s
Comment: start used once
stop 00000064

Symbol: stop
   Definitions
      At line 45 in file Unique.s
   Uses
      At line 45 in file Unique.s
Comment: stop used once
thereIsADuplicateNumber 00000054




ARM Macro Assembler    Page 2 Alphabetic symbol ordering
Relocatable symbols

Symbol: thereIsADuplicateNumber
   Definitions
      At line 35 in file Unique.s
   Uses
      At line 23 in file Unique.s
Comment: thereIsADuplicateNumber used once
while 00000014

Symbol: while
   Definitions
      At line 13 in file Unique.s
   Uses
      At line 33 in file Unique.s
Comment: while used once
9 symbols



ARM Macro Assembler    Page 1 Alphabetic symbol ordering
Relocatable symbols

COUNT 00000000

Symbol: COUNT
   Definitions
      At line 50 in file Unique.s
   Uses
      At line 8 in file Unique.s
Comment: COUNT used once
TestData 00000000

Symbol: TestData
   Definitions
      At line 48 in file Unique.s
   Uses
      None
Comment: TestData unused
VALUES 00000004

Symbol: VALUES
   Definitions
      At line 51 in file Unique.s
   Uses
      At line 7 in file Unique.s
Comment: VALUES used once
3 symbols



ARM Macro Assembler    Page 1 Alphabetic symbol ordering
External symbols

main 00000000

Symbol: main
   Definitions
      At line 2 in file Unique.s
   Uses
      None
Comment: main unused
1 symbol
353 symbols in table
