


ARM Macro Assembler    Page 1 


    1 00000000                 AREA             Expressions, CODE, READONLY
    2 00000000                 IMPORT           main
    3 00000000                 EXPORT           start
    4 00000000         
    5 00000000         start
    6 00000000         
    7 00000000 E3A01005        LDR              R1, =5      ; x = 5
    8 00000004 E3A02006        LDR              R2, =6      ; y = 6
    9 00000008         
   10 00000008 E0000191        MUL              R0, R1, R1  ; x * x
   11 0000000C E3A03003        LDR              R3, =3      ; temp = 3
   12 00000010 E0000093        MUL              R0, R3, R0  ; 3xSquared
   13 00000014         
   14 00000014 E3A03005        LDR              R3, =5      ; temp = 5
   15 00000018 E0030391        MUL              R3, R1, R3  ; 5x
   16 0000001C         
   17 0000001C E0800003        ADD              R0, R0, R3  ; 3xSquared + 5x
   18 00000020         
   19 00000020         
   20 00000020         
   21 00000020         
   22 00000020         
   23 00000020 E3A01005        LDR              R1, =5      ; x = 5
   24 00000024 E3A02006        LDR              R2, =6      ; y = 6
   25 00000028 E3A03002        LDR              R3, =2      ; temp = 2
   26 0000002C E3A04006        LDR              R4, =6      ; temp = 6
   27 00000030 E3A05003        LDR              R5, =3      ; temp = 3
   28 00000034         
   29 00000034 E0000191        MUL              R0, R1, R1  ; x*x
   30 00000038 E0000093        MUL              R0, R3, R0  ; 2xSquared
   31 0000003C         
   32 0000003C E0060292        MUL              R6, R2, R2  ; y*y
   33 00000040 E0060695        MUL              R6, R5, R6  ; 6ySquared
   34 00000044         
   35 00000044 E0800006        ADD              R0, R0, R6  ; 2xSquared + 6ySqu
                                                            ared
   36 00000048         
   37 00000048 E0070291        MUL              R7, R1, R2  ; x*y
   38 0000004C E0070794        MUL              R7, R4, R7  ; 6xy
   39 00000050         
   40 00000050 E0800007        ADD              R0, R0, R7  ; 2xSquared + 6xy +
                                                             3ySquared
   41 00000054         
   42 00000054         
   43 00000054         
   44 00000054         
   45 00000054         
   46 00000054 E3A01005        LDR              R1, =5      ; x = 5
   47 00000058 E3A02006        LDR              R2, =6      ; y = 6
   48 0000005C E3E03003        LDR              R3, =-4     ; temp = -4
   49 00000060 E3A04003        LDR              R4, =3      ; temp = 3
   50 00000064 E3A05008        LDR              R5, =8      ; temp = 8
   51 00000068         
   52 00000068 E0060191        MUL              R6, R1, R1  ; x*x
   53 0000006C E0000196        MUL              R0, R6, R1  ; xCubed
   54 00000070         
   55 00000070 E0070693        MUL              R7, R3, R6  ; -4xSquared
   56 00000074 E0800007        ADD              R0, R0, R7  ; xCubed - 4xSquare
                                                            d



ARM Macro Assembler    Page 2 


   57 00000078         
   58 00000078 E0070491        MUL              R7, R1, R4  ; 3x
   59 0000007C E0800007        ADD              R0, R0, R7  ; xCubed - 4xSquare
                                                            d + 3x
   60 00000080         
   61 00000080 E0800005        ADD              R0, R0, R5  ; xCubed - 4xSquare
                                                            d + 3x + 8
   62 00000084         
   63 00000084         
   64 00000084         
   65 00000084         
   66 00000084         
   67 00000084 EAFFFFFE 
                       stop    B                stop
   68 00000088         
   69 00000088                 END
Command Line: --debug --xref --diag_suppress=9931 --apcs=interwork --depend=.\e
xpressions.d -o.\expressions.o -IC:\Keil_v5\ARM\RV31\INC -IC:\Keil_v5\ARM\CMSIS
\Include -IC:\Keil_v5\ARM\Inc\Philips --predefine="__EVAL SETA 1" --predefine="
__MICROLIB SETA 1" --predefine="__UVISION_VERSION SETA 516" --predefine="NO_CLO
CK_SETUP SETA 1" --predefine="NO_EMC_SETUP SETA 1" --predefine="RAM_INTVEC SETA
 1" --predefine="RAM_MODE SETA 1" --predefine="REMAP SETA 1" --list=.\expressio
ns.lst Expressions.s



ARM Macro Assembler    Page 1 Alphabetic symbol ordering
Relocatable symbols

Expressions 00000000

Symbol: Expressions
   Definitions
      At line 1 in file Expressions.s
   Uses
      None
Comment: Expressions unused
start 00000000

Symbol: start
   Definitions
      At line 5 in file Expressions.s
   Uses
      At line 3 in file Expressions.s
Comment: start used once
stop 00000084

Symbol: stop
   Definitions
      At line 67 in file Expressions.s
   Uses
      At line 67 in file Expressions.s
Comment: stop used once
3 symbols



ARM Macro Assembler    Page 1 Alphabetic symbol ordering
External symbols

main 00000000

Symbol: main
   Definitions
      At line 2 in file Expressions.s
   Uses
      None
Comment: main unused
1 symbol
342 symbols in table
