


ARM Macro Assembler    Page 1 


    1 00000000                 AREA             ConsoleInput, CODE, READONLY
    2 00000000                 IMPORT           main
    3 00000000                 IMPORT           getkey
    4 00000000                 IMPORT           sendchar
    5 00000000                 EXPORT           start
    6 00000000                 PRESERVE8
    7 00000000         
    8 00000000         start
    9 00000000 E3A0600A        LDR              R6, =10     ; 
   10 00000004 E3A04000        LDR              R4, =0      ;
   11 00000008 E3A05030        LDR              R5, =0x30   ; ascii code for 0
   12 0000000C         
   13 0000000C         read
   14 0000000C EBFFFFFE        BL               getkey      ; read key from con
                                                            sole
   15 00000010 E350000D        CMP              R0, #0x0D   ; while (key != CR)
                                                            
   16 00000014 0A000009        BEQ              endRead     ; {
   17 00000018 EBFFFFFE        BL               sendchar    ;   echo key back t
                                                            o console
   18 0000001C         
   19 0000001C         while
   20 0000001C E3540000        CMP              R4, #0      ; if (first number 
                                                            entered)
   21 00000020 0A000000        BEQ              firstnumber ; 
   22 00000024 EA000001        B                addnumber   ;  
   23 00000028         
   24 00000028         firstnumber
   25 00000028 E0404005        SUB              R4, R0, R5  ; covert from ascii
                                                             and store in r4
   26 0000002C EAFFFFF6        B                read        ;
   27 00000030         addnumber
   28 00000030 E0070694        MUL              R7, R4, R6  ; total = total *10
                                                            
   29 00000034 E0404005        SUB              R4, R0, R5  ; convert number in
                                                            putted from ascii a
                                                            nd store in r4
   30 00000038 E0874004        ADD              R4, R7, R4  ; total = total + n
                                                            umber inputted
   31 0000003C         
   32 0000003C EAFFFFF2        B                read
   33 00000040         endRead
   34 00000040         
   35 00000040 EAFFFFFE 
                       stop    B                stop
   36 00000044         
   37 00000044                 END
Command Line: --debug --xref --diag_suppress=9931 --apcs=interwork --depend=.\c
onsoleinput.d -o.\consoleinput.o -IC:\Keil_v5\ARM\RV31\INC -IC:\Keil_v5\ARM\CMS
IS\Include -IC:\Keil_v5\ARM\INC\Philips --predefine="__EVAL SETA 1" --predefine
="__MICROLIB SETA 1" --predefine="__UVISION_VERSION SETA 524" --predefine="NO_C
LOCK_SETUP SETA 1" --predefine="NO_EMC_SETUP SETA 1" --predefine="RAM_INTVEC SE
TA 1" --predefine="RAM_MODE SETA 1" --predefine="REMAP SETA 1" --list=.\console
input.lst ConsoleInput.s



ARM Macro Assembler    Page 1 Alphabetic symbol ordering
Relocatable symbols

ConsoleInput 00000000

Symbol: ConsoleInput
   Definitions
      At line 1 in file ConsoleInput.s
   Uses
      None
Comment: ConsoleInput unused
addnumber 00000030

Symbol: addnumber
   Definitions
      At line 27 in file ConsoleInput.s
   Uses
      At line 22 in file ConsoleInput.s
Comment: addnumber used once
endRead 00000040

Symbol: endRead
   Definitions
      At line 33 in file ConsoleInput.s
   Uses
      At line 16 in file ConsoleInput.s
Comment: endRead used once
firstnumber 00000028

Symbol: firstnumber
   Definitions
      At line 24 in file ConsoleInput.s
   Uses
      At line 21 in file ConsoleInput.s
Comment: firstnumber used once
read 0000000C

Symbol: read
   Definitions
      At line 13 in file ConsoleInput.s
   Uses
      At line 26 in file ConsoleInput.s
      At line 32 in file ConsoleInput.s

start 00000000

Symbol: start
   Definitions
      At line 8 in file ConsoleInput.s
   Uses
      At line 5 in file ConsoleInput.s
Comment: start used once
stop 00000040

Symbol: stop
   Definitions
      At line 35 in file ConsoleInput.s
   Uses
      At line 35 in file ConsoleInput.s
Comment: stop used once
while 0000001C




ARM Macro Assembler    Page 2 Alphabetic symbol ordering
Relocatable symbols

Symbol: while
   Definitions
      At line 19 in file ConsoleInput.s
   Uses
      None
Comment: while unused
8 symbols



ARM Macro Assembler    Page 1 Alphabetic symbol ordering
External symbols

getkey 00000000

Symbol: getkey
   Definitions
      At line 3 in file ConsoleInput.s
   Uses
      At line 14 in file ConsoleInput.s
Comment: getkey used once
main 00000000

Symbol: main
   Definitions
      At line 2 in file ConsoleInput.s
   Uses
      None
Comment: main unused
sendchar 00000000

Symbol: sendchar
   Definitions
      At line 4 in file ConsoleInput.s
   Uses
      At line 17 in file ConsoleInput.s
Comment: sendchar used once
3 symbols
349 symbols in table
